c:\users\tiferod\desktop\improve\improve\engine\release\vc120.pdb
c:\users\tiferod\desktop\improve\improve\engine\release\texturecache.obj
c:\users\tiferod\desktop\improve\improve\engine\release\texture.obj
c:\users\tiferod\desktop\improve\improve\engine\release\structure.obj
c:\users\tiferod\desktop\improve\improve\engine\release\shader.obj
c:\users\tiferod\desktop\improve\improve\engine\release\scene.obj
c:\users\tiferod\desktop\improve\improve\engine\release\resourcemanager.obj
c:\users\tiferod\desktop\improve\improve\engine\release\picopng.obj
c:\users\tiferod\desktop\improve\improve\engine\release\inputmanager.obj
c:\users\tiferod\desktop\improve\improve\engine\release\input.obj
c:\users\tiferod\desktop\improve\improve\engine\release\frustrumculling.obj
c:\users\tiferod\desktop\improve\improve\engine\release\chunk.obj
c:\users\tiferod\desktop\improve\improve\engine\release\camera.obj
c:\users\tiferod\desktop\improve\improve\engine\release\block.obj
c:\users\tiferod\desktop\improve\improve\release\engine.lib
c:\users\tiferod\desktop\improve\improve\engine\release\engine.tlog\cl.command.1.tlog
c:\users\tiferod\desktop\improve\improve\engine\release\engine.tlog\cl.read.1.tlog
c:\users\tiferod\desktop\improve\improve\engine\release\engine.tlog\cl.write.1.tlog
c:\users\tiferod\desktop\improve\improve\engine\release\engine.tlog\lib-link.read.1.tlog
c:\users\tiferod\desktop\improve\improve\engine\release\engine.tlog\lib-link.write.1.tlog
c:\users\tiferod\desktop\improve\improve\engine\release\engine.tlog\lib.command.1.tlog
