Build started 11/02/2016 18:04:17.
     1>Project "C:\Users\Tiferod\Desktop\ImPROVE\imPROVE\Engine\Engine.vcxproj" on node 2 (Build target(s)).
     1>ClCompile:
         C:\Program Files (x86)\Microsoft Visual Studio 12.0\VC\bin\CL.exe /c /Zi /nologo /W3 /WX- /sdl /O2 /Oi /Oy- /GL /D WIN32 /D NDEBUG /D _LIB /D _UNICODE /D UNICODE /Gm- /EHsc /MD /GS /Gy /fp:precise /Zc:wchar_t /Zc:forScope /Fo"Release\\" /Fd"Release\vc120.pdb" /Gd /TP /analyze- /errorReport:prompt Structure.cpp
         Structure.cpp
     1>Structure.cpp(28): warning C4244: 'initializing' : conversion from 'float' to 'int', possible loss of data
     1>Structure.cpp(30): warning C4244: '=' : conversion from 'float' to 'int', possible loss of data
     1>Structure.cpp(31): warning C4244: '=' : conversion from 'float' to 'int', possible loss of data
     1>Structure.cpp(32): warning C4244: '=' : conversion from 'float' to 'int', possible loss of data
     1>Structure.cpp(33): warning C4244: '=' : conversion from 'float' to 'int', possible loss of data
     1>Structure.cpp(34): warning C4244: '=' : conversion from 'float' to 'int', possible loss of data
     1>Structure.cpp(35): warning C4244: '=' : conversion from 'float' to 'int', possible loss of data
       Lib:
         C:\Program Files (x86)\Microsoft Visual Studio 12.0\VC\bin\Lib.exe /OUT:"C:\Users\Tiferod\Desktop\ImPROVE\imPROVE\Release\Engine.lib" SDL2.lib SDL2main.lib opengl32.lib glew32.lib /NOLOGO /LTCG Release\Block.obj
         Release\Camera.obj
         Release\Chunk.obj
         Release\FrustrumCulling.obj
         Release\Input.obj
         Release\InputManager.obj
         Release\picoPNG.obj
         Release\ResourceManager.obj
         Release\Scene.obj
         Release\Shader.obj
         Release\Structure.obj
         Release\Texture.obj
         Release\TextureCache.obj
     1>opengl32.lib(OPENGL32.dll) : warning LNK4006: __NULL_IMPORT_DESCRIPTOR already defined in SDL2.lib(SDL2.dll); second definition ignored
     1>glew32.lib(glew32.dll) : warning LNK4006: __NULL_IMPORT_DESCRIPTOR already defined in SDL2.lib(SDL2.dll); second definition ignored
         Engine.vcxproj -> C:\Users\Tiferod\Desktop\ImPROVE\imPROVE\Release\Engine.lib
     1>Done Building Project "C:\Users\Tiferod\Desktop\ImPROVE\imPROVE\Engine\Engine.vcxproj" (Build target(s)).

Build succeeded.

Time Elapsed 00:00:01.14
