e:\dev\improve\improve\engine\debug\vc120.pdb
e:\dev\improve\improve\engine\debug\vc120.idb
e:\dev\improve\improve\engine\debug\scene.obj
e:\dev\improve\improve\engine\debug\shader.obj
e:\dev\improve\improve\engine\debug\cube.obj
e:\dev\improve\improve\engine\debug\inputmanager.obj
e:\dev\improve\improve\engine\debug\picopng.obj
e:\dev\improve\improve\engine\debug\texture.obj
e:\dev\improve\improve\engine\debug\texturecache.obj
e:\dev\github\improve\engine\debug\vc120.pdb
e:\dev\github\improve\engine\debug\vc120.idb
e:\dev\github\improve\engine\debug\cube.obj
e:\dev\github\improve\engine\debug\inputmanager.obj
e:\dev\github\improve\engine\debug\picopng.obj
e:\dev\github\improve\engine\debug\scene.obj
e:\dev\github\improve\engine\debug\shader.obj
e:\dev\github\improve\engine\debug\sprite.obj
e:\dev\github\improve\engine\debug\texture.obj
e:\dev\github\improve\engine\debug\texturecache.obj
e:\dev\github\improve\engine\debug\block.obj
e:\dev\github\improve\engine\debug\resourcemanager.obj
e:\dev\github\improve\engine\debug\chunk.obj
e:\dev\github\improve\engine\debug\structure.obj
e:\dev\improve\improve\debug\engine.lib
e:\dev\github\improve\debug\engine.lib
e:\dev\github\improve\engine\debug\engine.tlog\cl.command.1.tlog
e:\dev\github\improve\engine\debug\engine.tlog\cl.read.1.tlog
e:\dev\github\improve\engine\debug\engine.tlog\cl.write.1.tlog
e:\dev\github\improve\engine\debug\engine.tlog\lib-link.read.1.tlog
e:\dev\github\improve\engine\debug\engine.tlog\lib-link.write.1.tlog
e:\dev\github\improve\engine\debug\engine.tlog\lib.command.1.tlog
