Build started 14/02/2016 15:08:38.
     1>Project "E:\Dev\GitHub\imPROVE\Engine\Engine.vcxproj" on node 2 (Build target(s)).
     1>Lib:
         D:\Visual Studio\VC\bin\Lib.exe /OUT:"E:\Dev\GitHub\imPROVE\Debug\Engine.lib" SDL2.lib SDL2main.lib opengl32.lib glew32.lib /NOLOGO Debug\Block.obj
         Debug\Camera.obj
         Debug\Chunk.obj
         Debug\FrustrumCulling.obj
         Debug\InputManager.obj
         Debug\picoPNG.obj
         Debug\ResourceManager.obj
         Debug\Scene.obj
         Debug\Shader.obj
         Debug\Structure.obj
         Debug\Texture.obj
         Debug\TextureCache.obj
     1>opengl32.lib(OPENGL32.dll) : warning LNK4006: __NULL_IMPORT_DESCRIPTOR already defined in SDL2.lib(SDL2.dll); second definition ignored
     1>opengl32.lib(OPENGL32.dll) : warning LNK4221: This object file does not define any previously undefined public symbols, so it will not be used by any link operation that consumes this library
     1>glew32.lib(glew32.dll) : warning LNK4006: __NULL_IMPORT_DESCRIPTOR already defined in SDL2.lib(SDL2.dll); second definition ignored
     1>glew32.lib(glew32.dll) : warning LNK4221: This object file does not define any previously undefined public symbols, so it will not be used by any link operation that consumes this library
         Engine.vcxproj -> E:\Dev\GitHub\imPROVE\Debug\Engine.lib
     1>Done Building Project "E:\Dev\GitHub\imPROVE\Engine\Engine.vcxproj" (Build target(s)).

Build succeeded.

Time Elapsed 00:00:00.68
